0 info it worked if it ends with ok
1 verbose cli [ '/usr/local/Cellar/node/6.3.0/bin/node',
1 verbose cli   '/usr/local/bin/npm',
1 verbose cli   'run',
1 verbose cli   'protractor' ]
2 info using npm@3.10.3
3 info using node@v6.3.0
4 verbose run-script [ 'preprotractor', 'protractor', 'postprotractor' ]
5 info lifecycle jack-hardy@1.0.0~preprotractor: jack-hardy@1.0.0
6 silly lifecycle jack-hardy@1.0.0~preprotractor: no script for preprotractor, continuing
7 info lifecycle jack-hardy@1.0.0~protractor: jack-hardy@1.0.0
8 verbose lifecycle jack-hardy@1.0.0~protractor: unsafe-perm in lifecycle true
9 verbose lifecycle jack-hardy@1.0.0~protractor: PATH: /usr/local/lib/node_modules/npm/bin/node-gyp-bin:/Users/JackHardy/Projects/jackhardy1.github.io/node_modules/.bin:/usr/local/Cellar/node/6.3.0/bin:/Users/JackHardy/.rvm/gems/ruby-2.1.5/bin:/Users/JackHardy/.rvm/gems/ruby-2.1.5@global/bin:/Users/JackHardy/.rvm/rubies/ruby-2.1.5/bin:/Users/JackHardy/anaconda/bin:/Library/Frameworks/Python.framework/Versions/2.7/bin:/usr/local/bin:/usr/bin:/bin:/usr/sbin:/sbin:/Users/JackHardy/.rvm/bin:/Users/JackHardy/.rvm/bin
10 verbose lifecycle jack-hardy@1.0.0~protractor: CWD: /Users/JackHardy/Projects/jackhardy1.github.io
11 silly lifecycle jack-hardy@1.0.0~protractor: Args: [ '-c', './node_modules/protractor/bin/protractor' ]
12 silly lifecycle jack-hardy@1.0.0~protractor: Returned: code: 1  signal: null
13 info lifecycle jack-hardy@1.0.0~protractor: Failed to exec protractor script
14 verbose stack Error: jack-hardy@1.0.0 protractor: `./node_modules/protractor/bin/protractor`
14 verbose stack Exit status 1
14 verbose stack     at EventEmitter.<anonymous> (/usr/local/lib/node_modules/npm/lib/utils/lifecycle.js:242:16)
14 verbose stack     at emitTwo (events.js:106:13)
14 verbose stack     at EventEmitter.emit (events.js:191:7)
14 verbose stack     at ChildProcess.<anonymous> (/usr/local/lib/node_modules/npm/lib/utils/spawn.js:40:14)
14 verbose stack     at emitTwo (events.js:106:13)
14 verbose stack     at ChildProcess.emit (events.js:191:7)
14 verbose stack     at maybeClose (internal/child_process.js:852:16)
14 verbose stack     at Process.ChildProcess._handle.onexit (internal/child_process.js:215:5)
15 verbose pkgid jack-hardy@1.0.0
16 verbose cwd /Users/JackHardy/Projects/jackhardy1.github.io
17 error Darwin 15.4.0
18 error argv "/usr/local/Cellar/node/6.3.0/bin/node" "/usr/local/bin/npm" "run" "protractor"
19 error node v6.3.0
20 error npm  v3.10.3
21 error code ELIFECYCLE
22 error jack-hardy@1.0.0 protractor: `./node_modules/protractor/bin/protractor`
22 error Exit status 1
23 error Failed at the jack-hardy@1.0.0 protractor script './node_modules/protractor/bin/protractor'.
23 error Make sure you have the latest version of node.js and npm installed.
23 error If you do, this is most likely a problem with the jack-hardy package,
23 error not with npm itself.
23 error Tell the author that this fails on your system:
23 error     ./node_modules/protractor/bin/protractor
23 error You can get information on how to open an issue for this project with:
23 error     npm bugs jack-hardy
23 error Or if that isn't available, you can get their info via:
23 error     npm owner ls jack-hardy
23 error There is likely additional logging output above.
24 verbose exit [ 1, true ]
